# JRE version: OpenJDK Runtime Environment (8.0_242-b01) (build 1.8.0_242-release-1644-b01)
# Java VM: OpenJDK 64-Bit Server VM (25.242-b01 mixed mode windows-amd64 compressed oops)
Heap:
 PSYoungGen      total 308224K, used 52810K [0x00000000d5580000, 0x00000000ed700000, 0x0000000100000000)
  eden space 269312K, 19% used [0x00000000d5580000,0x00000000d89129b0,0x00000000e5c80000)
  from space 38912K, 0% used [0x00000000e5c80000,0x00000000e5c80000,0x00000000e8280000)
  to   space 41984K, 0% used [0x00000000eae00000,0x00000000eae00000,0x00000000ed700000)
 ParOldGen       total 211456K, used 55967K [0x0000000080000000, 0x000000008ce80000, 0x00000000d5580000)
  object space 211456K, 26% used [0x0000000080000000,0x00000000836a7f58,0x000000008ce80000)
 Metaspace       used 98391K, capacity 102854K, committed 103208K, reserved 1138688K
  class space    used 12914K, capacity 13806K, committed 13864K, reserved 1048576K
GC Heap History (10 events):
Event: 321.784 GC heap before
{Heap before GC invocations=15 (full 3):
 PSYoungGen      total 225280K, used 220610K [0x00000000d5580000, 0x00000000e7680000, 0x0000000100000000)
  eden space 202752K, 100% used [0x00000000d5580000,0x00000000e1b80000,0x00000000e1b80000)
  from space 22528K, 79% used [0x00000000e1b80000,0x00000000e2cf0970,0x00000000e3180000)
  to   space 24064K, 0% used [0x00000000e5f00000,0x00000000e5f00000,0x00000000e7680000)
 ParOldGen       total 144384K, used 31715K [0x0000000080000000, 0x0000000088d00000, 0x00000000d5580000)
  object space 144384K, 21% used [0x0000000080000000,0x0000000081ef8e50,0x0000000088d00000)
 Metaspace       used 77228K, capacity 80488K, committed 80816K, reserved 1120256K
  class space    used 10165K, capacity 10843K, committed 10928K, reserved 1048576K
Event: 321.824 GC heap after
Heap after GC invocations=15 (full 3):
 PSYoungGen      total 262144K, used 21899K [0x00000000d5580000, 0x00000000e7480000, 0x0000000100000000)
  eden space 240128K, 0% used [0x00000000d5580000,0x00000000d5580000,0x00000000e4000000)
  from space 22016K, 99% used [0x00000000e5f00000,0x00000000e7462d70,0x00000000e7480000)
  to   space 26624K, 0% used [0x00000000e4080000,0x00000000e4080000,0x00000000e5a80000)
 ParOldGen       total 144384K, used 31723K [0x0000000080000000, 0x0000000088d00000, 0x00000000d5580000)
  object space 144384K, 21% used [0x0000000080000000,0x0000000081efae50,0x0000000088d00000)
 Metaspace       used 77228K, capacity 80488K, committed 80816K, reserved 1120256K
  class space    used 10165K, capacity 10843K, committed 10928K, reserved 1048576K
}
Event: 466.416 GC heap before
{Heap before GC invocations=16 (full 3):
 PSYoungGen      total 262144K, used 262027K [0x00000000d5580000, 0x00000000e7480000, 0x0000000100000000)
  eden space 240128K, 100% used [0x00000000d5580000,0x00000000e4000000,0x00000000e4000000)
  from space 22016K, 99% used [0x00000000e5f00000,0x00000000e7462d70,0x00000000e7480000)
  to   space 26624K, 0% used [0x00000000e4080000,0x00000000e4080000,0x00000000e5a80000)
 ParOldGen       total 144384K, used 31723K [0x0000000080000000, 0x0000000088d00000, 0x00000000d5580000)
  object space 144384K, 21% used [0x0000000080000000,0x0000000081efae50,0x0000000088d00000)
 Metaspace       used 82228K, capacity 86018K, committed 86064K, reserved 1124352K
  class space    used 10772K, capacity 11564K, committed 11568K, reserved 1048576K
Event: 466.537 GC heap after
Heap after GC invocations=16 (full 3):
 PSYoungGen      total 267264K, used 26592K [0x00000000d5580000, 0x00000000ea180000, 0x0000000100000000)
  eden space 240640K, 0% used [0x00000000d5580000,0x00000000d5580000,0x00000000e4080000)
  from space 26624K, 99% used [0x00000000e4080000,0x00000000e5a78138,0x00000000e5a80000)
  to   space 31744K, 0% used [0x00000000e8280000,0x00000000e8280000,0x00000000ea180000)
 ParOldGen       total 144384K, used 34768K [0x0000000080000000, 0x0000000088d00000, 0x00000000d5580000)
  object space 144384K, 24% used [0x0000000080000000,0x00000000821f4270,0x0000000088d00000)
 Metaspace       used 82228K, capacity 86018K, committed 86064K, reserved 1124352K
  class space    used 10772K, capacity 11564K, committed 11568K, reserved 1048576K
}
Event: 473.035 GC heap before
{Heap before GC invocations=17 (full 3):
 PSYoungGen      total 267264K, used 267232K [0x00000000d5580000, 0x00000000ea180000, 0x0000000100000000)
  eden space 240640K, 100% used [0x00000000d5580000,0x00000000e4080000,0x00000000e4080000)
  from space 26624K, 99% used [0x00000000e4080000,0x00000000e5a78138,0x00000000e5a80000)
  to   space 31744K, 0% used [0x00000000e8280000,0x00000000e8280000,0x00000000ea180000)
 ParOldGen       total 144384K, used 34768K [0x0000000080000000, 0x0000000088d00000, 0x00000000d5580000)
  object space 144384K, 24% used [0x0000000080000000,0x00000000821f4270,0x0000000088d00000)
 Metaspace       used 91999K, capacity 96408K, committed 96560K, reserved 1132544K
  class space    used 12147K, capacity 13011K, committed 13104K, reserved 1048576K
Event: 473.087 GC heap after
Heap after GC invocations=17 (full 3):
 PSYoungGen      total 301056K, used 31729K [0x00000000d5580000, 0x00000000eaf00000, 0x0000000100000000)
  eden space 269312K, 0% used [0x00000000d5580000,0x00000000d5580000,0x00000000e5c80000)
  from space 31744K, 99% used [0x00000000e8280000,0x00000000ea17c438,0x00000000ea180000)
  to   space 38912K, 0% used [0x00000000e5c80000,0x00000000e5c80000,0x00000000e8280000)
 ParOldGen       total 144384K, used 41069K [0x0000000080000000, 0x0000000088d00000, 0x00000000d5580000)
  object space 144384K, 28% used [0x0000000080000000,0x000000008281b680,0x0000000088d00000)
 Metaspace       used 91999K, capacity 96408K, committed 96560K, reserved 1132544K
  class space    used 12147K, capacity 13011K, committed 13104K, reserved 1048576K
}
Event: 475.434 GC heap before
{Heap before GC invocations=18 (full 3):
 PSYoungGen      total 301056K, used 223677K [0x00000000d5580000, 0x00000000eaf00000, 0x0000000100000000)
  eden space 269312K, 71% used [0x00000000d5580000,0x00000000e10f3198,0x00000000e5c80000)
  from space 31744K, 99% used [0x00000000e8280000,0x00000000ea17c438,0x00000000ea180000)
  to   space 38912K, 0% used [0x00000000e5c80000,0x00000000e5c80000,0x00000000e8280000)
 ParOldGen       total 144384K, used 41069K [0x0000000080000000, 0x0000000088d00000, 0x00000000d5580000)
  object space 144384K, 28% used [0x0000000080000000,0x000000008281b680,0x0000000088d00000)
 Metaspace       used 93929K, capacity 98500K, committed 98600K, reserved 1134592K
  class space    used 12382K, capacity 13289K, committed 13352K, reserved 1048576K
Event: 475.463 GC heap after
Heap after GC invocations=18 (full 3):
 PSYoungGen      total 308224K, used 31546K [0x00000000d5580000, 0x00000000ed700000, 0x0000000100000000)
  eden space 269312K, 0% used [0x00000000d5580000,0x00000000d5580000,0x00000000e5c80000)
  from space 38912K, 81% used [0x00000000e5c80000,0x00000000e7b4e9d8,0x00000000e8280000)
  to   space 41984K, 0% used [0x00000000eae00000,0x00000000eae00000,0x00000000ed700000)
 ParOldGen       total 144384K, used 41077K [0x0000000080000000, 0x0000000088d00000, 0x00000000d5580000)
  object space 144384K, 28% used [0x0000000080000000,0x000000008281d680,0x0000000088d00000)
 Metaspace       used 93929K, capacity 98500K, committed 98600K, reserved 1134592K
  class space    used 12382K, capacity 13289K, committed 13352K, reserved 1048576K
}
Event: 475.463 GC heap before
{Heap before GC invocations=19 (full 4):
 PSYoungGen      total 308224K, used 31546K [0x00000000d5580000, 0x00000000ed700000, 0x0000000100000000)
  eden space 269312K, 0% used [0x00000000d5580000,0x00000000d5580000,0x00000000e5c80000)
  from space 38912K, 81% used [0x00000000e5c80000,0x00000000e7b4e9d8,0x00000000e8280000)
  to   space 41984K, 0% used [0x00000000eae00000,0x00000000eae00000,0x00000000ed700000)
 ParOldGen       total 144384K, used 41077K [0x0000000080000000, 0x0000000088d00000, 0x00000000d5580000)
  object space 144384K, 28% used [0x0000000080000000,0x000000008281d680,0x0000000088d00000)
 Metaspace       used 93929K, capacity 98500K, committed 98600K, reserved 1134592K
  class space    used 12382K, capacity 13289K, committed 13352K, reserved 1048576K
Event: 475.687 GC heap after
Heap after GC invocations=19 (full 4):
 PSYoungGen      total 308224K, used 0K [0x00000000d5580000, 0x00000000ed700000, 0x0000000100000000)
  eden space 269312K, 0% used [0x00000000d5580000,0x00000000d5580000,0x00000000e5c80000)
  from space 38912K, 0% used [0x00000000e5c80000,0x00000000e5c80000,0x00000000e8280000)
  to   space 41984K, 0% used [0x00000000eae00000,0x00000000eae00000,0x00000000ed700000)
 ParOldGen       total 211456K, used 55967K [0x0000000080000000, 0x000000008ce80000, 0x00000000d5580000)
  object space 211456K, 26% used [0x0000000080000000,0x00000000836a7f58,0x000000008ce80000)
 Metaspace       used 93844K, capacity 98252K, committed 98600K, reserved 1134592K
  class space    used 12355K, capacity 13241K, committed 13352K, reserved 1048576K
}

